<?xml version="1.0" encoding="UTF-8"?>
<testng-results ignored="0" total="1" passed="1" failed="0" skipped="0">
  <reporter-output>
  </reporter-output>
  <suite started-at="2024-11-10T19:02:11 IST" name="Default suite" finished-at="2024-11-10T19:02:29 IST" duration-ms="18422">
    <groups>
    </groups>
    <test started-at="2024-11-10T19:02:11 IST" name="Default test" finished-at="2024-11-10T19:02:29 IST" duration-ms="18422">
      <class name="com.automatiom.placeOrder.tests.Shoes_AutoSuggestion">
        <test-method is-config="true" signature="setUp()[pri:0, instance:com.automatiom.placeOrder.tests.Shoes_AutoSuggestion@79924b]" started-at="2024-11-10T19:02:11 IST" name="setUp" finished-at="2024-11-10T19:02:22 IST" duration-ms="11438" status="PASS">
          <reporter-output>
          </reporter-output>
        </test-method> <!-- setUp -->
        <test-method signature="autoSuggestion()[pri:0, instance:com.automatiom.placeOrder.tests.Shoes_AutoSuggestion@79924b]" started-at="2024-11-10T19:02:22 IST" name="autoSuggestion" finished-at="2024-11-10T19:02:29 IST" duration-ms="6392" status="PASS">
          <reporter-output>
          </reporter-output>
        </test-method> <!-- autoSuggestion -->
        <test-method is-config="true" signature="tearDown()[pri:0, instance:com.automatiom.placeOrder.tests.Shoes_AutoSuggestion@79924b]" started-at="2024-11-10T19:02:29 IST" name="tearDown" finished-at="2024-11-10T19:02:29 IST" duration-ms="505" status="PASS">
          <reporter-output>
          </reporter-output>
        </test-method> <!-- tearDown -->
      </class> <!-- com.automatiom.placeOrder.tests.Shoes_AutoSuggestion -->
    </test> <!-- Default test -->
  </suite> <!-- Default suite -->
</testng-results>
